<?xml version="1.0" encoding="UTF-8"?>
<testsuites>
    <testsuite name="force.apex" timestamp="2019-01-31T10:15:43+03:00" hostname="https://ap8.salesforce.com" tests="9" failures="0"  errors="0"  time="1.21">
        <properties>
            <property name="outcome" value="Passed"/>
            <property name="testsRan" value="9"/>
            <property name="passing" value="9"/>
            <property name="failing" value="0"/>
            <property name="skipped" value="0"/>
            <property name="passRate" value="100%"/>
            <property name="failRate" value="0%"/>
            <property name="testStartTime" value="Jan 31, 2019 10:15 AM"/>
            <property name="testExecutionTime" value="1.21 s"/>
            <property name="testTotalTime" value="1.21 s"/>
            <property name="commandTime" value="13.24 s"/>
            <property name="hostname" value="https://ap8.salesforce.com"/>
            <property name="orgId" value="00D0o000001AaDaEAK"/>
            <property name="username" value="irinabogdanets5@gmail.com"/>
            <property name="testRunId" value="7070o0000BPkNgp"/>
            <property name="userId" value="0050o00000Uixi2AAB"/>
        </properties>
        <testcase name="test_buyProduct" classname="OrderTest" time="0.56">
        </testcase>
        <testcase name="test_clearForm" classname="OrderTest" time="0.05">
        </testcase>
        <testcase name="test_error_createOrderTable" classname="OrderTest" time="0.09">
        </testcase>
        <testcase name="test_error_updateUnitAvailableInProductTable" classname="OrderTest" time="0.04">
        </testcase>
        <testcase name="test_findContact" classname="OrderTest" time="0.09">
        </testcase>
        <testcase name="test_insert_findContact" classname="OrderTest" time="0.07">
        </testcase>
        <testcase name="test_success_createOrderTable" classname="OrderTest" time="0.12">
        </testcase>
        <testcase name="test_success_updateUnitAvailableInProductTable" classname="OrderTest" time="0.06">
        </testcase>
        <testcase name="test_update_findContact" classname="OrderTest" time="0.12">
        </testcase>
    </testsuite>
</testsuites>
