<?xml version="1.0" encoding="UTF-8"?>
<testsuites>
    <testsuite name="force.apex" timestamp="2019-01-29T16:45:31+03:00" hostname="https://ap8.salesforce.com" tests="1" failures="0"  errors="0"  time="0.12">
        <properties>
            <property name="outcome" value="Passed"/>
            <property name="testsRan" value="1"/>
            <property name="passing" value="1"/>
            <property name="failing" value="0"/>
            <property name="skipped" value="0"/>
            <property name="passRate" value="100%"/>
            <property name="failRate" value="0%"/>
            <property name="testStartTime" value="Jan 29, 2019 4:45 PM"/>
            <property name="testExecutionTime" value="0.12 s"/>
            <property name="testTotalTime" value="0.12 s"/>
            <property name="commandTime" value="13.81 s"/>
            <property name="hostname" value="https://ap8.salesforce.com"/>
            <property name="orgId" value="00D0o000001AaDaEAK"/>
            <property name="username" value="irinabogdanets5@gmail.com"/>
            <property name="testRunId" value="7070o0000BPi7uR"/>
            <property name="userId" value="0050o00000Uixi2AAB"/>
        </properties>
        <testcase name="findDetailProduct" classname="DetailTest" time="0.12">
        </testcase>
    </testsuite>
</testsuites>
