<?xml version="1.0" encoding="UTF-8"?>
<testsuites>
    <testsuite name="force.apex" timestamp="2019-01-31T15:17:27+03:00" hostname="https://ap8.salesforce.com" tests="3" failures="0"  errors="0"  time="0.22">
        <properties>
            <property name="outcome" value="Passed"/>
            <property name="testsRan" value="3"/>
            <property name="passing" value="3"/>
            <property name="failing" value="0"/>
            <property name="skipped" value="0"/>
            <property name="passRate" value="100%"/>
            <property name="failRate" value="0%"/>
            <property name="testStartTime" value="Jan 31, 2019 3:17 PM"/>
            <property name="testExecutionTime" value="0.22 s"/>
            <property name="testTotalTime" value="0.22 s"/>
            <property name="commandTime" value="13.08 s"/>
            <property name="hostname" value="https://ap8.salesforce.com"/>
            <property name="orgId" value="00D0o000001AaDaEAK"/>
            <property name="username" value="irinabogdanets5@gmail.com"/>
            <property name="testRunId" value="7070o0000BPkevI"/>
            <property name="userId" value="0050o00000Uixi2AAB"/>
        </properties>
        <testcase name="test_getRecord" classname="DetailTest" time="0.11">
        </testcase>
        <testcase name="test_goBuy" classname="DetailTest" time="0.06">
        </testcase>
        <testcase name="test_goShopping" classname="DetailTest" time="0.05">
        </testcase>
    </testsuite>
</testsuites>
